TimeQuest Timing Analyzer report for datapath
Fri Oct 27 21:43:54 2023
Quartus II 32-bit Version 13.0.1 Build 232 06/12/2013 Service Pack 1 SJ Web Edition


---------------------
; Table of Contents ;
---------------------
  1. Legal Notice
  2. TimeQuest Timing Analyzer Summary
  3. Parallel Compilation
  4. Clocks
  5. Slow Model Fmax Summary
  6. Slow Model Setup Summary
  7. Slow Model Hold Summary
  8. Slow Model Recovery Summary
  9. Slow Model Removal Summary
 10. Slow Model Minimum Pulse Width Summary
 11. Slow Model Setup: 'state.s1'
 12. Slow Model Hold: 'state.s1'
 13. Slow Model Minimum Pulse Width: 'CLOCK'
 14. Slow Model Minimum Pulse Width: 'state.s1'
 15. Clock to Output Times
 16. Minimum Clock to Output Times
 17. Fast Model Setup Summary
 18. Fast Model Hold Summary
 19. Fast Model Recovery Summary
 20. Fast Model Removal Summary
 21. Fast Model Minimum Pulse Width Summary
 22. Fast Model Setup: 'state.s1'
 23. Fast Model Hold: 'state.s1'
 24. Fast Model Minimum Pulse Width: 'CLOCK'
 25. Fast Model Minimum Pulse Width: 'state.s1'
 26. Clock to Output Times
 27. Minimum Clock to Output Times
 28. Multicorner Timing Analysis Summary
 29. Clock to Output Times
 30. Minimum Clock to Output Times
 31. Setup Transfers
 32. Hold Transfers
 33. Report TCCS
 34. Report RSKM
 35. Unconstrained Paths
 36. TimeQuest Timing Analyzer Messages



----------------
; Legal Notice ;
----------------
Copyright (C) 1991-2013 Altera Corporation
Your use of Altera Corporation's design tools, logic functions 
and other software and tools, and its AMPP partner logic 
functions, and any output files from any of the foregoing 
(including device programming or simulation files), and any 
associated documentation or information are expressly subject 
to the terms and conditions of the Altera Program License 
Subscription Agreement, Altera MegaCore Function License 
Agreement, or other applicable license agreement, including, 
without limitation, that your use is for the sole purpose of 
programming logic devices manufactured by Altera and sold by 
Altera or its authorized distributors.  Please refer to the 
applicable agreement for further details.



+----------------------------------------------------------------------------------------+
; TimeQuest Timing Analyzer Summary                                                      ;
+--------------------+-------------------------------------------------------------------+
; Quartus II Version ; Version 13.0.1 Build 232 06/12/2013 Service Pack 1 SJ Web Edition ;
; Revision Name      ; datapath                                                          ;
; Device Family      ; Cyclone II                                                        ;
; Device Name        ; EP2C35F672C6                                                      ;
; Timing Models      ; Final                                                             ;
; Delay Model        ; Combined                                                          ;
; Rise/Fall Delays   ; Unavailable                                                       ;
+--------------------+-------------------------------------------------------------------+


Parallel compilation was disabled, but you have multiple processors available. Enable parallel compilation to reduce compilation time.
+-------------------------------------+
; Parallel Compilation                ;
+----------------------------+--------+
; Processors                 ; Number ;
+----------------------------+--------+
; Number detected on machine ; 16     ;
; Maximum allowed            ; 1      ;
+----------------------------+--------+


+--------------------------------------------------------------------------------------------------------------------------------------------------------------------------------------+
; Clocks                                                                                                                                                                               ;
+------------+------+--------+------------+-------+-------+------------+-----------+-------------+-------+--------+-----------+------------+----------+--------+--------+--------------+
; Clock Name ; Type ; Period ; Frequency  ; Rise  ; Fall  ; Duty Cycle ; Divide by ; Multiply by ; Phase ; Offset ; Edge List ; Edge Shift ; Inverted ; Master ; Source ; Targets      ;
+------------+------+--------+------------+-------+-------+------------+-----------+-------------+-------+--------+-----------+------------+----------+--------+--------+--------------+
; CLOCK      ; Base ; 1.000  ; 1000.0 MHz ; 0.000 ; 0.500 ;            ;           ;             ;       ;        ;           ;            ;          ;        ;        ; { CLOCK }    ;
; state.s1   ; Base ; 1.000  ; 1000.0 MHz ; 0.000 ; 0.500 ;            ;           ;             ;       ;        ;           ;            ;          ;        ;        ; { state.s1 } ;
+------------+------+--------+------------+-------+-------+------------+-----------+-------------+-------+--------+-----------+------------+----------+--------+--------+--------------+


---------------------------
; Slow Model Fmax Summary ;
---------------------------
No paths to report.


+-----------------------------------+
; Slow Model Setup Summary          ;
+----------+--------+---------------+
; Clock    ; Slack  ; End Point TNS ;
+----------+--------+---------------+
; state.s1 ; -1.360 ; -2.712        ;
+----------+--------+---------------+


+----------------------------------+
; Slow Model Hold Summary          ;
+----------+-------+---------------+
; Clock    ; Slack ; End Point TNS ;
+----------+-------+---------------+
; state.s1 ; 1.259 ; 0.000         ;
+----------+-------+---------------+


-------------------------------
; Slow Model Recovery Summary ;
-------------------------------
No paths to report.


------------------------------
; Slow Model Removal Summary ;
------------------------------
No paths to report.


+----------------------------------------+
; Slow Model Minimum Pulse Width Summary ;
+----------+--------+--------------------+
; Clock    ; Slack  ; End Point TNS      ;
+----------+--------+--------------------+
; CLOCK    ; -1.380 ; -6.380             ;
; state.s1 ; 0.500  ; 0.000              ;
+----------+--------+--------------------+


+---------------------------------------------------------------------------------------------------------------+
; Slow Model Setup: 'state.s1'                                                                                  ;
+--------+-----------+--------------------+--------------+-------------+--------------+------------+------------+
; Slack  ; From Node ; To Node            ; Launch Clock ; Latch Clock ; Relationship ; Clock Skew ; Data Delay ;
+--------+-----------+--------------------+--------------+-------------+--------------+------------+------------+
; -1.360 ; state.s4  ; Fio_Descendo$latch ; CLOCK        ; state.s1    ; 1.000        ; -0.296     ; 1.115      ;
; -1.352 ; state.s4  ; Fio_Subindo$latch  ; CLOCK        ; state.s1    ; 1.000        ; -0.297     ; 1.105      ;
; -1.217 ; state.s2  ; Fio_Descendo$latch ; CLOCK        ; state.s1    ; 1.000        ; -0.296     ; 0.972      ;
; -1.209 ; state.s3  ; Fio_Subindo$latch  ; CLOCK        ; state.s1    ; 1.000        ; -0.297     ; 0.962      ;
+--------+-----------+--------------------+--------------+-------------+--------------+------------+------------+


+--------------------------------------------------------------------------------------------------------------+
; Slow Model Hold: 'state.s1'                                                                                  ;
+-------+-----------+--------------------+--------------+-------------+--------------+------------+------------+
; Slack ; From Node ; To Node            ; Launch Clock ; Latch Clock ; Relationship ; Clock Skew ; Data Delay ;
+-------+-----------+--------------------+--------------+-------------+--------------+------------+------------+
; 1.259 ; state.s3  ; Fio_Subindo$latch  ; CLOCK        ; state.s1    ; 0.000        ; -0.297     ; 0.962      ;
; 1.268 ; state.s2  ; Fio_Descendo$latch ; CLOCK        ; state.s1    ; 0.000        ; -0.296     ; 0.972      ;
; 1.402 ; state.s4  ; Fio_Subindo$latch  ; CLOCK        ; state.s1    ; 0.000        ; -0.297     ; 1.105      ;
; 1.411 ; state.s4  ; Fio_Descendo$latch ; CLOCK        ; state.s1    ; 0.000        ; -0.296     ; 1.115      ;
+-------+-----------+--------------------+--------------+-------------+--------------+------------+------------+


+---------------------------------------------------------------------------------------------------------+
; Slow Model Minimum Pulse Width: 'CLOCK'                                                                 ;
+--------+--------------+----------------+------------------+-------+------------+------------------------+
; Slack  ; Actual Width ; Required Width ; Type             ; Clock ; Clock Edge ; Target                 ;
+--------+--------------+----------------+------------------+-------+------------+------------------------+
; -1.380 ; 1.000        ; 2.380          ; Port Rate        ; CLOCK ; Rise       ; CLOCK                  ;
; -0.500 ; 0.500        ; 1.000          ; High Pulse Width ; CLOCK ; Rise       ; state.s0               ;
; -0.500 ; 0.500        ; 1.000          ; Low Pulse Width  ; CLOCK ; Rise       ; state.s0               ;
; -0.500 ; 0.500        ; 1.000          ; High Pulse Width ; CLOCK ; Rise       ; state.s1               ;
; -0.500 ; 0.500        ; 1.000          ; Low Pulse Width  ; CLOCK ; Rise       ; state.s1               ;
; -0.500 ; 0.500        ; 1.000          ; High Pulse Width ; CLOCK ; Rise       ; state.s2               ;
; -0.500 ; 0.500        ; 1.000          ; Low Pulse Width  ; CLOCK ; Rise       ; state.s2               ;
; -0.500 ; 0.500        ; 1.000          ; High Pulse Width ; CLOCK ; Rise       ; state.s3               ;
; -0.500 ; 0.500        ; 1.000          ; Low Pulse Width  ; CLOCK ; Rise       ; state.s3               ;
; -0.500 ; 0.500        ; 1.000          ; High Pulse Width ; CLOCK ; Rise       ; state.s4               ;
; -0.500 ; 0.500        ; 1.000          ; Low Pulse Width  ; CLOCK ; Rise       ; state.s4               ;
; 0.500  ; 0.500        ; 0.000          ; High Pulse Width ; CLOCK ; Rise       ; CLOCK|combout          ;
; 0.500  ; 0.500        ; 0.000          ; Low Pulse Width  ; CLOCK ; Rise       ; CLOCK|combout          ;
; 0.500  ; 0.500        ; 0.000          ; High Pulse Width ; CLOCK ; Rise       ; CLOCK~clkctrl|inclk[0] ;
; 0.500  ; 0.500        ; 0.000          ; Low Pulse Width  ; CLOCK ; Rise       ; CLOCK~clkctrl|inclk[0] ;
; 0.500  ; 0.500        ; 0.000          ; High Pulse Width ; CLOCK ; Rise       ; CLOCK~clkctrl|outclk   ;
; 0.500  ; 0.500        ; 0.000          ; Low Pulse Width  ; CLOCK ; Rise       ; CLOCK~clkctrl|outclk   ;
; 0.500  ; 0.500        ; 0.000          ; High Pulse Width ; CLOCK ; Rise       ; state.s0|clk           ;
; 0.500  ; 0.500        ; 0.000          ; Low Pulse Width  ; CLOCK ; Rise       ; state.s0|clk           ;
; 0.500  ; 0.500        ; 0.000          ; High Pulse Width ; CLOCK ; Rise       ; state.s1|clk           ;
; 0.500  ; 0.500        ; 0.000          ; Low Pulse Width  ; CLOCK ; Rise       ; state.s1|clk           ;
; 0.500  ; 0.500        ; 0.000          ; High Pulse Width ; CLOCK ; Rise       ; state.s2|clk           ;
; 0.500  ; 0.500        ; 0.000          ; Low Pulse Width  ; CLOCK ; Rise       ; state.s2|clk           ;
; 0.500  ; 0.500        ; 0.000          ; High Pulse Width ; CLOCK ; Rise       ; state.s3|clk           ;
; 0.500  ; 0.500        ; 0.000          ; Low Pulse Width  ; CLOCK ; Rise       ; state.s3|clk           ;
; 0.500  ; 0.500        ; 0.000          ; High Pulse Width ; CLOCK ; Rise       ; state.s4|clk           ;
; 0.500  ; 0.500        ; 0.000          ; Low Pulse Width  ; CLOCK ; Rise       ; state.s4|clk           ;
+--------+--------------+----------------+------------------+-------+------------+------------------------+


+--------------------------------------------------------------------------------------------------------------+
; Slow Model Minimum Pulse Width: 'state.s1'                                                                   ;
+-------+--------------+----------------+------------------+----------+------------+---------------------------+
; Slack ; Actual Width ; Required Width ; Type             ; Clock    ; Clock Edge ; Target                    ;
+-------+--------------+----------------+------------------+----------+------------+---------------------------+
; 0.500 ; 0.500        ; 0.000          ; High Pulse Width ; state.s1 ; Rise       ; Fio_Descendo$latch        ;
; 0.500 ; 0.500        ; 0.000          ; Low Pulse Width  ; state.s1 ; Rise       ; Fio_Descendo$latch        ;
; 0.500 ; 0.500        ; 0.000          ; High Pulse Width ; state.s1 ; Rise       ; Fio_Descendo$latch|datac  ;
; 0.500 ; 0.500        ; 0.000          ; Low Pulse Width  ; state.s1 ; Rise       ; Fio_Descendo$latch|datac  ;
; 0.500 ; 0.500        ; 0.000          ; High Pulse Width ; state.s1 ; Rise       ; Fio_Subindo$latch         ;
; 0.500 ; 0.500        ; 0.000          ; Low Pulse Width  ; state.s1 ; Rise       ; Fio_Subindo$latch         ;
; 0.500 ; 0.500        ; 0.000          ; High Pulse Width ; state.s1 ; Rise       ; Fio_Subindo$latch|datac   ;
; 0.500 ; 0.500        ; 0.000          ; Low Pulse Width  ; state.s1 ; Rise       ; Fio_Subindo$latch|datac   ;
; 0.500 ; 0.500        ; 0.000          ; High Pulse Width ; state.s1 ; Rise       ; state.s1|regout           ;
; 0.500 ; 0.500        ; 0.000          ; Low Pulse Width  ; state.s1 ; Rise       ; state.s1|regout           ;
; 0.500 ; 0.500        ; 0.000          ; High Pulse Width ; state.s1 ; Rise       ; state.s1~clkctrl|inclk[0] ;
; 0.500 ; 0.500        ; 0.000          ; Low Pulse Width  ; state.s1 ; Rise       ; state.s1~clkctrl|inclk[0] ;
; 0.500 ; 0.500        ; 0.000          ; High Pulse Width ; state.s1 ; Rise       ; state.s1~clkctrl|outclk   ;
; 0.500 ; 0.500        ; 0.000          ; Low Pulse Width  ; state.s1 ; Rise       ; state.s1~clkctrl|outclk   ;
+-------+--------------+----------------+------------------+----------+------------+---------------------------+


+---------------------------------------------------------------------------+
; Clock to Output Times                                                     ;
+---------------+------------+-------+-------+------------+-----------------+
; Data Port     ; Clock Port ; Rise  ; Fall  ; Clock Edge ; Clock Reference ;
+---------------+------------+-------+-------+------------+-----------------+
; Fio_Reset_MA  ; CLOCK      ; 6.060 ; 6.060 ; Rise       ; CLOCK           ;
; Fio_Atualizar ; state.s1   ;       ; 3.428 ; Rise       ; state.s1        ;
; Fio_Descendo  ; state.s1   ; 5.777 ; 5.777 ; Rise       ; state.s1        ;
; Fio_Subindo   ; state.s1   ; 5.791 ; 5.791 ; Rise       ; state.s1        ;
; Fio_Atualizar ; state.s1   ; 3.428 ;       ; Fall       ; state.s1        ;
+---------------+------------+-------+-------+------------+-----------------+


+---------------------------------------------------------------------------+
; Minimum Clock to Output Times                                             ;
+---------------+------------+-------+-------+------------+-----------------+
; Data Port     ; Clock Port ; Rise  ; Fall  ; Clock Edge ; Clock Reference ;
+---------------+------------+-------+-------+------------+-----------------+
; Fio_Reset_MA  ; CLOCK      ; 6.060 ; 6.060 ; Rise       ; CLOCK           ;
; Fio_Atualizar ; state.s1   ;       ; 3.428 ; Rise       ; state.s1        ;
; Fio_Descendo  ; state.s1   ; 5.777 ; 5.777 ; Rise       ; state.s1        ;
; Fio_Subindo   ; state.s1   ; 5.791 ; 5.791 ; Rise       ; state.s1        ;
; Fio_Atualizar ; state.s1   ; 3.428 ;       ; Fall       ; state.s1        ;
+---------------+------------+-------+-------+------------+-----------------+


+-----------------------------------+
; Fast Model Setup Summary          ;
+----------+--------+---------------+
; Clock    ; Slack  ; End Point TNS ;
+----------+--------+---------------+
; state.s1 ; -0.230 ; -0.455        ;
+----------+--------+---------------+


+----------------------------------+
; Fast Model Hold Summary          ;
+----------+-------+---------------+
; Clock    ; Slack ; End Point TNS ;
+----------+-------+---------------+
; state.s1 ; 0.794 ; 0.000         ;
+----------+-------+---------------+


-------------------------------
; Fast Model Recovery Summary ;
-------------------------------
No paths to report.


------------------------------
; Fast Model Removal Summary ;
------------------------------
No paths to report.


+----------------------------------------+
; Fast Model Minimum Pulse Width Summary ;
+----------+--------+--------------------+
; Clock    ; Slack  ; End Point TNS      ;
+----------+--------+--------------------+
; CLOCK    ; -1.380 ; -6.380             ;
; state.s1 ; 0.500  ; 0.000              ;
+----------+--------+--------------------+


+---------------------------------------------------------------------------------------------------------------+
; Fast Model Setup: 'state.s1'                                                                                  ;
+--------+-----------+--------------------+--------------+-------------+--------------+------------+------------+
; Slack  ; From Node ; To Node            ; Launch Clock ; Latch Clock ; Relationship ; Clock Skew ; Data Delay ;
+--------+-----------+--------------------+--------------+-------------+--------------+------------+------------+
; -0.230 ; state.s4  ; Fio_Descendo$latch ; CLOCK        ; state.s1    ; 1.000        ; -0.307     ; 0.526      ;
; -0.225 ; state.s4  ; Fio_Subindo$latch  ; CLOCK        ; state.s1    ; 1.000        ; -0.308     ; 0.520      ;
; -0.196 ; state.s2  ; Fio_Descendo$latch ; CLOCK        ; state.s1    ; 1.000        ; -0.307     ; 0.492      ;
; -0.191 ; state.s3  ; Fio_Subindo$latch  ; CLOCK        ; state.s1    ; 1.000        ; -0.308     ; 0.486      ;
+--------+-----------+--------------------+--------------+-------------+--------------+------------+------------+


+--------------------------------------------------------------------------------------------------------------+
; Fast Model Hold: 'state.s1'                                                                                  ;
+-------+-----------+--------------------+--------------+-------------+--------------+------------+------------+
; Slack ; From Node ; To Node            ; Launch Clock ; Latch Clock ; Relationship ; Clock Skew ; Data Delay ;
+-------+-----------+--------------------+--------------+-------------+--------------+------------+------------+
; 0.794 ; state.s3  ; Fio_Subindo$latch  ; CLOCK        ; state.s1    ; 0.000        ; -0.308     ; 0.486      ;
; 0.799 ; state.s2  ; Fio_Descendo$latch ; CLOCK        ; state.s1    ; 0.000        ; -0.307     ; 0.492      ;
; 0.828 ; state.s4  ; Fio_Subindo$latch  ; CLOCK        ; state.s1    ; 0.000        ; -0.308     ; 0.520      ;
; 0.833 ; state.s4  ; Fio_Descendo$latch ; CLOCK        ; state.s1    ; 0.000        ; -0.307     ; 0.526      ;
+-------+-----------+--------------------+--------------+-------------+--------------+------------+------------+


+---------------------------------------------------------------------------------------------------------+
; Fast Model Minimum Pulse Width: 'CLOCK'                                                                 ;
+--------+--------------+----------------+------------------+-------+------------+------------------------+
; Slack  ; Actual Width ; Required Width ; Type             ; Clock ; Clock Edge ; Target                 ;
+--------+--------------+----------------+------------------+-------+------------+------------------------+
; -1.380 ; 1.000        ; 2.380          ; Port Rate        ; CLOCK ; Rise       ; CLOCK                  ;
; -0.500 ; 0.500        ; 1.000          ; High Pulse Width ; CLOCK ; Rise       ; state.s0               ;
; -0.500 ; 0.500        ; 1.000          ; Low Pulse Width  ; CLOCK ; Rise       ; state.s0               ;
; -0.500 ; 0.500        ; 1.000          ; High Pulse Width ; CLOCK ; Rise       ; state.s1               ;
; -0.500 ; 0.500        ; 1.000          ; Low Pulse Width  ; CLOCK ; Rise       ; state.s1               ;
; -0.500 ; 0.500        ; 1.000          ; High Pulse Width ; CLOCK ; Rise       ; state.s2               ;
; -0.500 ; 0.500        ; 1.000          ; Low Pulse Width  ; CLOCK ; Rise       ; state.s2               ;
; -0.500 ; 0.500        ; 1.000          ; High Pulse Width ; CLOCK ; Rise       ; state.s3               ;
; -0.500 ; 0.500        ; 1.000          ; Low Pulse Width  ; CLOCK ; Rise       ; state.s3               ;
; -0.500 ; 0.500        ; 1.000          ; High Pulse Width ; CLOCK ; Rise       ; state.s4               ;
; -0.500 ; 0.500        ; 1.000          ; Low Pulse Width  ; CLOCK ; Rise       ; state.s4               ;
; 0.500  ; 0.500        ; 0.000          ; High Pulse Width ; CLOCK ; Rise       ; CLOCK|combout          ;
; 0.500  ; 0.500        ; 0.000          ; Low Pulse Width  ; CLOCK ; Rise       ; CLOCK|combout          ;
; 0.500  ; 0.500        ; 0.000          ; High Pulse Width ; CLOCK ; Rise       ; CLOCK~clkctrl|inclk[0] ;
; 0.500  ; 0.500        ; 0.000          ; Low Pulse Width  ; CLOCK ; Rise       ; CLOCK~clkctrl|inclk[0] ;
; 0.500  ; 0.500        ; 0.000          ; High Pulse Width ; CLOCK ; Rise       ; CLOCK~clkctrl|outclk   ;
; 0.500  ; 0.500        ; 0.000          ; Low Pulse Width  ; CLOCK ; Rise       ; CLOCK~clkctrl|outclk   ;
; 0.500  ; 0.500        ; 0.000          ; High Pulse Width ; CLOCK ; Rise       ; state.s0|clk           ;
; 0.500  ; 0.500        ; 0.000          ; Low Pulse Width  ; CLOCK ; Rise       ; state.s0|clk           ;
; 0.500  ; 0.500        ; 0.000          ; High Pulse Width ; CLOCK ; Rise       ; state.s1|clk           ;
; 0.500  ; 0.500        ; 0.000          ; Low Pulse Width  ; CLOCK ; Rise       ; state.s1|clk           ;
; 0.500  ; 0.500        ; 0.000          ; High Pulse Width ; CLOCK ; Rise       ; state.s2|clk           ;
; 0.500  ; 0.500        ; 0.000          ; Low Pulse Width  ; CLOCK ; Rise       ; state.s2|clk           ;
; 0.500  ; 0.500        ; 0.000          ; High Pulse Width ; CLOCK ; Rise       ; state.s3|clk           ;
; 0.500  ; 0.500        ; 0.000          ; Low Pulse Width  ; CLOCK ; Rise       ; state.s3|clk           ;
; 0.500  ; 0.500        ; 0.000          ; High Pulse Width ; CLOCK ; Rise       ; state.s4|clk           ;
; 0.500  ; 0.500        ; 0.000          ; Low Pulse Width  ; CLOCK ; Rise       ; state.s4|clk           ;
+--------+--------------+----------------+------------------+-------+------------+------------------------+


+--------------------------------------------------------------------------------------------------------------+
; Fast Model Minimum Pulse Width: 'state.s1'                                                                   ;
+-------+--------------+----------------+------------------+----------+------------+---------------------------+
; Slack ; Actual Width ; Required Width ; Type             ; Clock    ; Clock Edge ; Target                    ;
+-------+--------------+----------------+------------------+----------+------------+---------------------------+
; 0.500 ; 0.500        ; 0.000          ; High Pulse Width ; state.s1 ; Rise       ; Fio_Descendo$latch        ;
; 0.500 ; 0.500        ; 0.000          ; Low Pulse Width  ; state.s1 ; Rise       ; Fio_Descendo$latch        ;
; 0.500 ; 0.500        ; 0.000          ; High Pulse Width ; state.s1 ; Rise       ; Fio_Descendo$latch|datac  ;
; 0.500 ; 0.500        ; 0.000          ; Low Pulse Width  ; state.s1 ; Rise       ; Fio_Descendo$latch|datac  ;
; 0.500 ; 0.500        ; 0.000          ; High Pulse Width ; state.s1 ; Rise       ; Fio_Subindo$latch         ;
; 0.500 ; 0.500        ; 0.000          ; Low Pulse Width  ; state.s1 ; Rise       ; Fio_Subindo$latch         ;
; 0.500 ; 0.500        ; 0.000          ; High Pulse Width ; state.s1 ; Rise       ; Fio_Subindo$latch|datac   ;
; 0.500 ; 0.500        ; 0.000          ; Low Pulse Width  ; state.s1 ; Rise       ; Fio_Subindo$latch|datac   ;
; 0.500 ; 0.500        ; 0.000          ; High Pulse Width ; state.s1 ; Rise       ; state.s1|regout           ;
; 0.500 ; 0.500        ; 0.000          ; Low Pulse Width  ; state.s1 ; Rise       ; state.s1|regout           ;
; 0.500 ; 0.500        ; 0.000          ; High Pulse Width ; state.s1 ; Rise       ; state.s1~clkctrl|inclk[0] ;
; 0.500 ; 0.500        ; 0.000          ; Low Pulse Width  ; state.s1 ; Rise       ; state.s1~clkctrl|inclk[0] ;
; 0.500 ; 0.500        ; 0.000          ; High Pulse Width ; state.s1 ; Rise       ; state.s1~clkctrl|outclk   ;
; 0.500 ; 0.500        ; 0.000          ; Low Pulse Width  ; state.s1 ; Rise       ; state.s1~clkctrl|outclk   ;
+-------+--------------+----------------+------------------+----------+------------+---------------------------+


+---------------------------------------------------------------------------+
; Clock to Output Times                                                     ;
+---------------+------------+-------+-------+------------+-----------------+
; Data Port     ; Clock Port ; Rise  ; Fall  ; Clock Edge ; Clock Reference ;
+---------------+------------+-------+-------+------------+-----------------+
; Fio_Reset_MA  ; CLOCK      ; 3.451 ; 3.451 ; Rise       ; CLOCK           ;
; Fio_Atualizar ; state.s1   ;       ; 1.841 ; Rise       ; state.s1        ;
; Fio_Descendo  ; state.s1   ; 3.165 ; 3.165 ; Rise       ; state.s1        ;
; Fio_Subindo   ; state.s1   ; 3.173 ; 3.173 ; Rise       ; state.s1        ;
; Fio_Atualizar ; state.s1   ; 1.841 ;       ; Fall       ; state.s1        ;
+---------------+------------+-------+-------+------------+-----------------+


+---------------------------------------------------------------------------+
; Minimum Clock to Output Times                                             ;
+---------------+------------+-------+-------+------------+-----------------+
; Data Port     ; Clock Port ; Rise  ; Fall  ; Clock Edge ; Clock Reference ;
+---------------+------------+-------+-------+------------+-----------------+
; Fio_Reset_MA  ; CLOCK      ; 3.451 ; 3.451 ; Rise       ; CLOCK           ;
; Fio_Atualizar ; state.s1   ;       ; 1.841 ; Rise       ; state.s1        ;
; Fio_Descendo  ; state.s1   ; 3.165 ; 3.165 ; Rise       ; state.s1        ;
; Fio_Subindo   ; state.s1   ; 3.173 ; 3.173 ; Rise       ; state.s1        ;
; Fio_Atualizar ; state.s1   ; 1.841 ;       ; Fall       ; state.s1        ;
+---------------+------------+-------+-------+------------+-----------------+


+------------------------------------------------------------------------------+
; Multicorner Timing Analysis Summary                                          ;
+------------------+--------+-------+----------+---------+---------------------+
; Clock            ; Setup  ; Hold  ; Recovery ; Removal ; Minimum Pulse Width ;
+------------------+--------+-------+----------+---------+---------------------+
; Worst-case Slack ; -1.360 ; 0.794 ; N/A      ; N/A     ; -1.380              ;
;  CLOCK           ; N/A    ; N/A   ; N/A      ; N/A     ; -1.380              ;
;  state.s1        ; -1.360 ; 0.794 ; N/A      ; N/A     ; 0.500               ;
; Design-wide TNS  ; -2.712 ; 0.0   ; 0.0      ; 0.0     ; -6.38               ;
;  CLOCK           ; N/A    ; N/A   ; N/A      ; N/A     ; -6.380              ;
;  state.s1        ; -2.712 ; 0.000 ; N/A      ; N/A     ; 0.000               ;
+------------------+--------+-------+----------+---------+---------------------+


+---------------------------------------------------------------------------+
; Clock to Output Times                                                     ;
+---------------+------------+-------+-------+------------+-----------------+
; Data Port     ; Clock Port ; Rise  ; Fall  ; Clock Edge ; Clock Reference ;
+---------------+------------+-------+-------+------------+-----------------+
; Fio_Reset_MA  ; CLOCK      ; 6.060 ; 6.060 ; Rise       ; CLOCK           ;
; Fio_Atualizar ; state.s1   ;       ; 3.428 ; Rise       ; state.s1        ;
; Fio_Descendo  ; state.s1   ; 5.777 ; 5.777 ; Rise       ; state.s1        ;
; Fio_Subindo   ; state.s1   ; 5.791 ; 5.791 ; Rise       ; state.s1        ;
; Fio_Atualizar ; state.s1   ; 3.428 ;       ; Fall       ; state.s1        ;
+---------------+------------+-------+-------+------------+-----------------+


+---------------------------------------------------------------------------+
; Minimum Clock to Output Times                                             ;
+---------------+------------+-------+-------+------------+-----------------+
; Data Port     ; Clock Port ; Rise  ; Fall  ; Clock Edge ; Clock Reference ;
+---------------+------------+-------+-------+------------+-----------------+
; Fio_Reset_MA  ; CLOCK      ; 3.451 ; 3.451 ; Rise       ; CLOCK           ;
; Fio_Atualizar ; state.s1   ;       ; 1.841 ; Rise       ; state.s1        ;
; Fio_Descendo  ; state.s1   ; 3.165 ; 3.165 ; Rise       ; state.s1        ;
; Fio_Subindo   ; state.s1   ; 3.173 ; 3.173 ; Rise       ; state.s1        ;
; Fio_Atualizar ; state.s1   ; 1.841 ;       ; Fall       ; state.s1        ;
+---------------+------------+-------+-------+------------+-----------------+


+-------------------------------------------------------------------+
; Setup Transfers                                                   ;
+------------+----------+----------+----------+----------+----------+
; From Clock ; To Clock ; RR Paths ; FR Paths ; RF Paths ; FF Paths ;
+------------+----------+----------+----------+----------+----------+
; CLOCK      ; state.s1 ; 4        ; 0        ; 0        ; 0        ;
+------------+----------+----------+----------+----------+----------+
Entries labeled "false path" only account for clock-to-clock false paths and not path-based false paths. As a result, actual path counts may be lower than reported.


+-------------------------------------------------------------------+
; Hold Transfers                                                    ;
+------------+----------+----------+----------+----------+----------+
; From Clock ; To Clock ; RR Paths ; FR Paths ; RF Paths ; FF Paths ;
+------------+----------+----------+----------+----------+----------+
; CLOCK      ; state.s1 ; 4        ; 0        ; 0        ; 0        ;
+------------+----------+----------+----------+----------+----------+
Entries labeled "false path" only account for clock-to-clock false paths and not path-based false paths. As a result, actual path counts may be lower than reported.


---------------
; Report TCCS ;
---------------
No dedicated SERDES Transmitter circuitry present in device or used in design


---------------
; Report RSKM ;
---------------
No dedicated SERDES Receiver circuitry present in device or used in design


+------------------------------------------------+
; Unconstrained Paths                            ;
+---------------------------------+-------+------+
; Property                        ; Setup ; Hold ;
+---------------------------------+-------+------+
; Illegal Clocks                  ; 0     ; 0    ;
; Unconstrained Clocks            ; 0     ; 0    ;
; Unconstrained Input Ports       ; 4     ; 4    ;
; Unconstrained Input Port Paths  ; 17    ; 17   ;
; Unconstrained Output Ports      ; 4     ; 4    ;
; Unconstrained Output Port Paths ; 4     ; 4    ;
+---------------------------------+-------+------+


+------------------------------------+
; TimeQuest Timing Analyzer Messages ;
+------------------------------------+
Info: *******************************************************************
Info: Running Quartus II 32-bit TimeQuest Timing Analyzer
    Info: Version 13.0.1 Build 232 06/12/2013 Service Pack 1 SJ Web Edition
    Info: Processing started: Fri Oct 27 21:43:53 2023
Info: Command: quartus_sta datapath -c datapath
Info: qsta_default_script.tcl version: #1
Warning (20028): Parallel compilation is not licensed and has been disabled
Info (21077): Low junction temperature is 0 degrees C
Info (21077): High junction temperature is 85 degrees C
Warning (335093): TimeQuest Timing Analyzer is analyzing 6 combinational loops as latches.
Critical Warning (332012): Synopsys Design Constraints File file not found: 'datapath.sdc'. A Synopsys Design Constraints File is required by the TimeQuest Timing Analyzer to get proper timing constraints. Without it, the Compiler will not properly optimize the design.
Info (332142): No user constrained base clocks found in the design. Calling "derive_clocks -period 1.0"
Info (332105): Deriving Clocks
    Info (332105): create_clock -period 1.000 -name CLOCK CLOCK
    Info (332105): create_clock -period 1.000 -name state.s1 state.s1
Info: Found TIMEQUEST_REPORT_SCRIPT_INCLUDE_DEFAULT_ANALYSIS = ON
Info: Analyzing Slow Model
Info (332140): No fmax paths to report
Critical Warning (332148): Timing requirements not met
Info (332146): Worst-case setup slack is -1.360
    Info (332119):     Slack End Point TNS Clock 
    Info (332119): ========= ============= =====================
    Info (332119):    -1.360        -2.712 state.s1 
Info (332146): Worst-case hold slack is 1.259
    Info (332119):     Slack End Point TNS Clock 
    Info (332119): ========= ============= =====================
    Info (332119):     1.259         0.000 state.s1 
Info (332140): No Recovery paths to report
Info (332140): No Removal paths to report
Info (332146): Worst-case minimum pulse width slack is -1.380
    Info (332119):     Slack End Point TNS Clock 
    Info (332119): ========= ============= =====================
    Info (332119):    -1.380        -6.380 CLOCK 
    Info (332119):     0.500         0.000 state.s1 
Info (332001): The selected device family is not supported by the report_metastability command.
Info: Analyzing Fast Model
Critical Warning (332148): Timing requirements not met
Info (332146): Worst-case setup slack is -0.230
    Info (332119):     Slack End Point TNS Clock 
    Info (332119): ========= ============= =====================
    Info (332119):    -0.230        -0.455 state.s1 
Info (332146): Worst-case hold slack is 0.794
    Info (332119):     Slack End Point TNS Clock 
    Info (332119): ========= ============= =====================
    Info (332119):     0.794         0.000 state.s1 
Info (332140): No Recovery paths to report
Info (332140): No Removal paths to report
Info (332146): Worst-case minimum pulse width slack is -1.380
    Info (332119):     Slack End Point TNS Clock 
    Info (332119): ========= ============= =====================
    Info (332119):    -1.380        -6.380 CLOCK 
    Info (332119):     0.500         0.000 state.s1 
Info (332001): The selected device family is not supported by the report_metastability command.
Info (332102): Design is not fully constrained for setup requirements
Info (332102): Design is not fully constrained for hold requirements
Info: Quartus II 32-bit TimeQuest Timing Analyzer was successful. 0 errors, 5 warnings
    Info: Peak virtual memory: 322 megabytes
    Info: Processing ended: Fri Oct 27 21:43:54 2023
    Info: Elapsed time: 00:00:01
    Info: Total CPU time (on all processors): 00:00:00


