Flow report for mean_4_clocks
Sun Oct 29 17:35:06 2023
Quartus II 64-Bit Version 13.0.1 Build 232 06/12/2013 Service Pack 1 SJ Web Edition


---------------------
; Table of Contents ;
---------------------
  1. Legal Notice
  2. Flow Summary
  3. Flow Settings
  4. Flow Non-Default Global Settings
  5. Flow Elapsed Time
  6. Flow OS Summary
  7. Flow Log
  8. Flow Messages
  9. Flow Suppressed Messages



----------------
; Legal Notice ;
----------------
Copyright (C) 1991-2013 Altera Corporation
Your use of Altera Corporation's design tools, logic functions 
and other software and tools, and its AMPP partner logic 
functions, and any output files from any of the foregoing 
(including device programming or simulation files), and any 
associated documentation or information are expressly subject 
to the terms and conditions of the Altera Program License 
Subscription Agreement, Altera MegaCore Function License 
Agreement, or other applicable license agreement, including, 
without limitation, that your use is for the sole purpose of 
programming logic devices manufactured by Altera and sold by 
Altera or its authorized distributors.  Please refer to the 
applicable agreement for further details.



+--------------------------------------------------------------------------------------+
; Flow Summary                                                                         ;
+------------------------------------+-------------------------------------------------+
; Flow Status                        ; Successful - Sun Oct 29 17:35:06 2023           ;
; Quartus II 64-Bit Version          ; 13.0.1 Build 232 06/12/2013 SP 1 SJ Web Edition ;
; Revision Name                      ; mean_4_clocks                                   ;
; Top-level Entity Name              ; mean_4_clocks                                   ;
; Family                             ; Cyclone II                                      ;
; Total logic elements               ; 170 / 4,608 ( 4 % )                             ;
;     Total combinational functions  ; 100 / 4,608 ( 2 % )                             ;
;     Dedicated logic registers      ; 128 / 4,608 ( 3 % )                             ;
; Total registers                    ; 128                                             ;
; Total pins                         ; 66 / 158 ( 42 % )                               ;
; Total virtual pins                 ; 0                                               ;
; Total memory bits                  ; 0 / 119,808 ( 0 % )                             ;
; Embedded Multiplier 9-bit elements ; 0 / 26 ( 0 % )                                  ;
; Total PLLs                         ; 0 / 2 ( 0 % )                                   ;
; Device                             ; EP2C5F256C6                                     ;
; Timing Models                      ; Final                                           ;
+------------------------------------+-------------------------------------------------+


+-----------------------------------------+
; Flow Settings                           ;
+-------------------+---------------------+
; Option            ; Setting             ;
+-------------------+---------------------+
; Start date & time ; 10/29/2023 17:34:57 ;
; Main task         ; Compilation         ;
; Revision Name     ; mean_4_clocks       ;
+-------------------+---------------------+


+-------------------------------------------------------------------------------------------------------------------------+
; Flow Non-Default Global Settings                                                                                        ;
+--------------------------------------+---------------------------------+---------------+-------------+------------------+
; Assignment Name                      ; Value                           ; Default Value ; Entity Name ; Section Id       ;
+--------------------------------------+---------------------------------+---------------+-------------+------------------+
; COMPILER_SIGNATURE_ID                ; 251413962952628.169861169710116 ; --            ; --          ; --               ;
; EDA_DESIGN_INSTANCE_NAME             ; NA                              ; --            ; --          ; tb_mean_4_clocks ;
; EDA_NATIVELINK_SIMULATION_TEST_BENCH ; tb_mean_4_clocks                ; --            ; --          ; eda_simulation   ;
; EDA_OUTPUT_DATA_FORMAT               ; Vhdl                            ; --            ; --          ; eda_simulation   ;
; EDA_SIMULATION_TOOL                  ; ModelSim-Altera (VHDL)          ; <None>        ; --          ; --               ;
; EDA_TEST_BENCH_ENABLE_STATUS         ; TEST_BENCH_MODE                 ; --            ; --          ; eda_simulation   ;
; EDA_TEST_BENCH_FILE                  ; tb_mean_4_clocks.vhd            ; --            ; --          ; tb_mean_4_clocks ;
; EDA_TEST_BENCH_MODULE_NAME           ; tb_mean_4_clocks                ; --            ; --          ; tb_mean_4_clocks ;
; EDA_TEST_BENCH_NAME                  ; tb_mean_4_clocks                ; --            ; --          ; eda_simulation   ;
; EDA_TEST_BENCH_RUN_SIM_FOR           ; 60 ns                           ; --            ; --          ; tb_mean_4_clocks ;
; PARTITION_COLOR                      ; 16764057                        ; --            ; --          ; Top              ;
; PARTITION_FITTER_PRESERVATION_LEVEL  ; PLACEMENT_AND_ROUTING           ; --            ; --          ; Top              ;
; PARTITION_NETLIST_TYPE               ; SOURCE                          ; --            ; --          ; Top              ;
; PROJECT_OUTPUT_DIRECTORY             ; output_files                    ; --            ; --          ; --               ;
+--------------------------------------+---------------------------------+---------------+-------------+------------------+


+-------------------------------------------------------------------------------------------------------------------------------+
; Flow Elapsed Time                                                                                                             ;
+---------------------------+--------------+-------------------------+---------------------+------------------------------------+
; Module Name               ; Elapsed Time ; Average Processors Used ; Peak Virtual Memory ; Total CPU Time (on all processors) ;
+---------------------------+--------------+-------------------------+---------------------+------------------------------------+
; Analysis & Synthesis      ; 00:00:01     ; 1.0                     ; 4626 MB             ; 00:00:01                           ;
; Fitter                    ; 00:00:03     ; 1.0                     ; 4796 MB             ; 00:00:03                           ;
; Assembler                 ; 00:00:01     ; 1.0                     ; 4550 MB             ; 00:00:01                           ;
; TimeQuest Timing Analyzer ; 00:00:01     ; 1.0                     ; 4534 MB             ; 00:00:01                           ;
; EDA Netlist Writer        ; 00:00:01     ; 1.0                     ; 4507 MB             ; 00:00:00                           ;
; Total                     ; 00:00:07     ; --                      ; --                  ; 00:00:06                           ;
+---------------------------+--------------+-------------------------+---------------------+------------------------------------+


+----------------------------------------------------------------------------------------+
; Flow OS Summary                                                                        ;
+---------------------------+------------------+-----------+------------+----------------+
; Module Name               ; Machine Hostname ; OS Name   ; OS Version ; Processor type ;
+---------------------------+------------------+-----------+------------+----------------+
; Analysis & Synthesis      ; DESKTOP-1TAHK6J  ; Windows 7 ; 6.2        ; x86_64         ;
; Fitter                    ; DESKTOP-1TAHK6J  ; Windows 7 ; 6.2        ; x86_64         ;
; Assembler                 ; DESKTOP-1TAHK6J  ; Windows 7 ; 6.2        ; x86_64         ;
; TimeQuest Timing Analyzer ; DESKTOP-1TAHK6J  ; Windows 7 ; 6.2        ; x86_64         ;
; EDA Netlist Writer        ; DESKTOP-1TAHK6J  ; Windows 7 ; 6.2        ; x86_64         ;
+---------------------------+------------------+-----------+------------+----------------+


------------
; Flow Log ;
------------
quartus_map --read_settings_files=on --write_settings_files=off mean_4_clocks -c mean_4_clocks
quartus_fit --read_settings_files=off --write_settings_files=off mean_4_clocks -c mean_4_clocks
quartus_asm --read_settings_files=off --write_settings_files=off mean_4_clocks -c mean_4_clocks
quartus_sta mean_4_clocks -c mean_4_clocks
quartus_eda --read_settings_files=off --write_settings_files=off mean_4_clocks -c mean_4_clocks



